0 info it worked if it ends with ok
1 verbose cli [ 'C:\\Program Files\\nodejs\\node.exe',
1 verbose cli   'C:\\Program Files\\nodejs\\node_modules\\npm\\bin\\npm-cli.js',
1 verbose cli   'install',
1 verbose cli   'angular-environment' ]
2 info using npm@3.10.10
3 info using node@v6.10.1
4 silly loadCurrentTree Starting
5 silly install loadCurrentTree
6 silly install readLocalPackageData
7 silly fetchPackageMetaData angular-environment
8 silly fetchNamedPackageData angular-environment
9 silly mapToRegistry name angular-environment
10 silly mapToRegistry using default registry
11 silly mapToRegistry registry https://registry.npmjs.org/
12 silly mapToRegistry data Result {
12 silly mapToRegistry   raw: 'angular-environment',
12 silly mapToRegistry   scope: null,
12 silly mapToRegistry   escapedName: 'angular-environment',
12 silly mapToRegistry   name: 'angular-environment',
12 silly mapToRegistry   rawSpec: '',
12 silly mapToRegistry   spec: 'latest',
12 silly mapToRegistry   type: 'tag' }
13 silly mapToRegistry uri https://registry.npmjs.org/angular-environment
14 verbose request uri https://registry.npmjs.org/angular-environment
15 verbose request no auth needed
16 info attempt registry request try #1 at 3:23:52 PM
17 verbose request id e817318e32ef7f80
18 http request GET https://registry.npmjs.org/angular-environment
19 info retry will retry, error on last attempt: Error: connect ECONNREFUSED 151.101.8.162:443
20 info attempt registry request try #2 at 3:24:03 PM
21 http request GET https://registry.npmjs.org/angular-environment
22 info retry will retry, error on last attempt: Error: connect ECONNREFUSED 151.101.8.162:443
23 info attempt registry request try #3 at 3:25:04 PM
24 http request GET https://registry.npmjs.org/angular-environment
25 silly fetchPackageMetaData Error: connect ECONNREFUSED 151.101.8.162:443
25 silly fetchPackageMetaData     at Object.exports._errnoException (util.js:1018:11)
25 silly fetchPackageMetaData     at exports._exceptionWithHostPort (util.js:1041:20)
25 silly fetchPackageMetaData     at TCPConnectWrap.afterConnect [as oncomplete] (net.js:1090:14)
25 silly fetchPackageMetaData  error for angular-environment { Error: connect ECONNREFUSED 151.101.8.162:443
25 silly fetchPackageMetaData     at Object.exports._errnoException (util.js:1018:11)
25 silly fetchPackageMetaData     at exports._exceptionWithHostPort (util.js:1041:20)
25 silly fetchPackageMetaData     at TCPConnectWrap.afterConnect [as oncomplete] (net.js:1090:14)
25 silly fetchPackageMetaData   code: 'ECONNREFUSED',
25 silly fetchPackageMetaData   errno: 'ECONNREFUSED',
25 silly fetchPackageMetaData   syscall: 'connect',
25 silly fetchPackageMetaData   address: '151.101.8.162',
25 silly fetchPackageMetaData   port: 443 }
26 silly rollbackFailedOptional Starting
27 silly rollbackFailedOptional Finishing
28 silly runTopLevelLifecycles Finishing
29 silly install printInstalled
30 verbose stack Error: connect ECONNREFUSED 151.101.8.162:443
30 verbose stack     at Object.exports._errnoException (util.js:1018:11)
30 verbose stack     at exports._exceptionWithHostPort (util.js:1041:20)
30 verbose stack     at TCPConnectWrap.afterConnect [as oncomplete] (net.js:1090:14)
31 verbose cwd C:\Users\Pradnya.Vetale\Desktop\source_code\working_code\angularJs
32 error Windows_NT 6.1.7601
33 error argv "C:\\Program Files\\nodejs\\node.exe" "C:\\Program Files\\nodejs\\node_modules\\npm\\bin\\npm-cli.js" "install" "angular-environment"
34 error node v6.10.1
35 error npm  v3.10.10
36 error code ECONNREFUSED
37 error errno ECONNREFUSED
38 error syscall connect
39 error Error: connect ECONNREFUSED 151.101.8.162:443
39 error     at Object.exports._errnoException (util.js:1018:11)
39 error     at exports._exceptionWithHostPort (util.js:1041:20)
39 error     at TCPConnectWrap.afterConnect [as oncomplete] (net.js:1090:14)
39 error  { Error: connect ECONNREFUSED 151.101.8.162:443
39 error     at Object.exports._errnoException (util.js:1018:11)
39 error     at exports._exceptionWithHostPort (util.js:1041:20)
39 error     at TCPConnectWrap.afterConnect [as oncomplete] (net.js:1090:14)
39 error   code: 'ECONNREFUSED',
39 error   errno: 'ECONNREFUSED',
39 error   syscall: 'connect',
39 error   address: '151.101.8.162',
39 error   port: 443 }
40 error If you are behind a proxy, please make sure that the
40 error 'proxy' config is set properly.  See: 'npm help config'
41 verbose exit [ 1, true ]
